<?xml version="1.0" encoding="UTF-8"?>
<!-- Generated by org.testng.reporters.JUnitReportReporter -->
<testsuite hostname="Mrkd-family" failures="0" tests="2" name="Totestlogin" time="1.177" errors="0" timestamp="2024-02-05T02:33:23 IST" skipped="0">
  <testcase classname="Totestlogin" name="tm1" time="0.511"/>
  <system-out/>
  <testcase classname="Totestlogin" name="testmethod" time="0.666"/>
  <system-out/>
</testsuite> <!-- Totestlogin -->
